<?xml version="1.0" encoding="UTF-8"?>
<testsuite xmlns:xsi="http://www.w3.org/2001/XMLSchema-instance" xsi:noNamespaceSchemaLocation="https://maven.apache.org/surefire/maven-surefire-plugin/xsd/surefire-test-report.xsd" name="com.qiujie.HrmApplicationTests" time="9.876" tests="36" errors="2" skipped="0" failures="0">
  <properties>
    <property name="sun.desktop" value="windows"/>
    <property name="awt.toolkit" value="sun.awt.windows.WToolkit"/>
    <property name="file.encoding.pkg" value="sun.io"/>
    <property name="java.specification.version" value="1.8"/>
    <property name="sun.cpu.isalist" value="amd64"/>
    <property name="sun.jnu.encoding" value="GBK"/>
    <property name="java.class.path" value="C:\Users\小白\Desktop\基于SpringBoot+Vue的人力资源管理系统（带文档）\hrm-master\hrm\target\test-classes;C:\Users\小白\Desktop\基于SpringBoot+Vue的人力资源管理系统（带文档）\hrm-master\hrm\target\classes;D:\apache-maven-3.6.1\repository\org\springframework\boot\spring-boot-starter-web\2.6.3\spring-boot-starter-web-2.6.3.jar;D:\apache-maven-3.6.1\repository\org\springframework\boot\spring-boot-starter\2.6.3\spring-boot-starter-2.6.3.jar;D:\apache-maven-3.6.1\repository\org\springframework\boot\spring-boot-starter-logging\2.6.3\spring-boot-starter-logging-2.6.3.jar;D:\apache-maven-3.6.1\repository\ch\qos\logback\logback-classic\1.2.10\logback-classic-1.2.10.jar;D:\apache-maven-3.6.1\repository\ch\qos\logback\logback-core\1.2.10\logback-core-1.2.10.jar;D:\apache-maven-3.6.1\repository\org\apache\logging\log4j\log4j-to-slf4j\2.17.1\log4j-to-slf4j-2.17.1.jar;D:\apache-maven-3.6.1\repository\org\slf4j\jul-to-slf4j\1.7.33\jul-to-slf4j-1.7.33.jar;D:\apache-maven-3.6.1\repository\jakarta\annotation\jakarta.annotation-api\1.3.5\jakarta.annotation-api-1.3.5.jar;D:\apache-maven-3.6.1\repository\org\yaml\snakeyaml\1.29\snakeyaml-1.29.jar;D:\apache-maven-3.6.1\repository\org\springframework\boot\spring-boot-starter-json\2.6.3\spring-boot-starter-json-2.6.3.jar;D:\apache-maven-3.6.1\repository\com\fasterxml\jackson\datatype\jackson-datatype-jdk8\2.13.1\jackson-datatype-jdk8-2.13.1.jar;D:\apache-maven-3.6.1\repository\com\fasterxml\jackson\datatype\jackson-datatype-jsr310\2.13.1\jackson-datatype-jsr310-2.13.1.jar;D:\apache-maven-3.6.1\repository\com\fasterxml\jackson\module\jackson-module-parameter-names\2.13.1\jackson-module-parameter-names-2.13.1.jar;D:\apache-maven-3.6.1\repository\org\springframework\boot\spring-boot-starter-tomcat\2.6.3\spring-boot-starter-tomcat-2.6.3.jar;D:\apache-maven-3.6.1\repository\org\apache\tomcat\embed\tomcat-embed-core\9.0.56\tomcat-embed-core-9.0.56.jar;D:\apache-maven-3.6.1\repository\org\apache\tomcat\embed\tomcat-embed-el\9.0.56\tomcat-embed-el-9.0.56.jar;D:\apache-maven-3.6.1\repository\org\apache\tomcat\embed\tomcat-embed-websocket\9.0.56\tomcat-embed-websocket-9.0.56.jar;D:\apache-maven-3.6.1\repository\org\springframework\spring-web\5.3.15\spring-web-5.3.15.jar;D:\apache-maven-3.6.1\repository\org\springframework\spring-beans\5.3.15\spring-beans-5.3.15.jar;D:\apache-maven-3.6.1\repository\org\springframework\spring-webmvc\5.3.15\spring-webmvc-5.3.15.jar;D:\apache-maven-3.6.1\repository\org\springframework\spring-aop\5.3.15\spring-aop-5.3.15.jar;D:\apache-maven-3.6.1\repository\org\springframework\spring-context\5.3.15\spring-context-5.3.15.jar;D:\apache-maven-3.6.1\repository\org\springframework\spring-expression\5.3.15\spring-expression-5.3.15.jar;D:\apache-maven-3.6.1\repository\org\springframework\boot\spring-boot-starter-test\2.6.3\spring-boot-starter-test-2.6.3.jar;D:\apache-maven-3.6.1\repository\org\springframework\boot\spring-boot-test\2.6.3\spring-boot-test-2.6.3.jar;D:\apache-maven-3.6.1\repository\org\springframework\boot\spring-boot-test-autoconfigure\2.6.3\spring-boot-test-autoconfigure-2.6.3.jar;D:\apache-maven-3.6.1\repository\com\jayway\jsonpath\json-path\2.6.0\json-path-2.6.0.jar;D:\apache-maven-3.6.1\repository\net\minidev\json-smart\2.4.7\json-smart-2.4.7.jar;D:\apache-maven-3.6.1\repository\net\minidev\accessors-smart\2.4.7\accessors-smart-2.4.7.jar;D:\apache-maven-3.6.1\repository\org\ow2\asm\asm\9.1\asm-9.1.jar;D:\apache-maven-3.6.1\repository\jakarta\xml\bind\jakarta.xml.bind-api\2.3.3\jakarta.xml.bind-api-2.3.3.jar;D:\apache-maven-3.6.1\repository\jakarta\activation\jakarta.activation-api\1.2.2\jakarta.activation-api-1.2.2.jar;D:\apache-maven-3.6.1\repository\org\assertj\assertj-core\3.21.0\assertj-core-3.21.0.jar;D:\apache-maven-3.6.1\repository\org\hamcrest\hamcrest\2.2\hamcrest-2.2.jar;D:\apache-maven-3.6.1\repository\org\junit\jupiter\junit-jupiter\5.8.2\junit-jupiter-5.8.2.jar;D:\apache-maven-3.6.1\repository\org\junit\jupiter\junit-jupiter-api\5.8.2\junit-jupiter-api-5.8.2.jar;D:\apache-maven-3.6.1\repository\org\opentest4j\opentest4j\1.2.0\opentest4j-1.2.0.jar;D:\apache-maven-3.6.1\repository\org\junit\platform\junit-platform-commons\1.8.2\junit-platform-commons-1.8.2.jar;D:\apache-maven-3.6.1\repository\org\apiguardian\apiguardian-api\1.1.2\apiguardian-api-1.1.2.jar;D:\apache-maven-3.6.1\repository\org\junit\jupiter\junit-jupiter-params\5.8.2\junit-jupiter-params-5.8.2.jar;D:\apache-maven-3.6.1\repository\org\junit\jupiter\junit-jupiter-engine\5.8.2\junit-jupiter-engine-5.8.2.jar;D:\apache-maven-3.6.1\repository\org\junit\platform\junit-platform-engine\1.8.2\junit-platform-engine-1.8.2.jar;D:\apache-maven-3.6.1\repository\org\mockito\mockito-core\4.0.0\mockito-core-4.0.0.jar;D:\apache-maven-3.6.1\repository\net\bytebuddy\byte-buddy\1.11.22\byte-buddy-1.11.22.jar;D:\apache-maven-3.6.1\repository\net\bytebuddy\byte-buddy-agent\1.11.22\byte-buddy-agent-1.11.22.jar;D:\apache-maven-3.6.1\repository\org\objenesis\objenesis\3.2\objenesis-3.2.jar;D:\apache-maven-3.6.1\repository\org\mockito\mockito-junit-jupiter\4.0.0\mockito-junit-jupiter-4.0.0.jar;D:\apache-maven-3.6.1\repository\org\skyscreamer\jsonassert\1.5.0\jsonassert-1.5.0.jar;D:\apache-maven-3.6.1\repository\com\vaadin\external\google\android-json\0.0.20131108.vaadin1\android-json-0.0.20131108.vaadin1.jar;D:\apache-maven-3.6.1\repository\org\springframework\spring-core\5.3.15\spring-core-5.3.15.jar;D:\apache-maven-3.6.1\repository\org\springframework\spring-jcl\5.3.15\spring-jcl-5.3.15.jar;D:\apache-maven-3.6.1\repository\org\springframework\spring-test\5.3.15\spring-test-5.3.15.jar;D:\apache-maven-3.6.1\repository\org\xmlunit\xmlunit-core\2.8.4\xmlunit-core-2.8.4.jar;D:\apache-maven-3.6.1\repository\org\projectlombok\lombok\1.18.22\lombok-1.18.22.jar;D:\apache-maven-3.6.1\repository\mysql\mysql-connector-java\8.0.17\mysql-connector-java-8.0.17.jar;D:\apache-maven-3.6.1\repository\com\baomidou\mybatis-plus-boot-starter\3.5.1\mybatis-plus-boot-starter-3.5.1.jar;D:\apache-maven-3.6.1\repository\com\baomidou\mybatis-plus\3.5.1\mybatis-plus-3.5.1.jar;D:\apache-maven-3.6.1\repository\com\baomidou\mybatis-plus-extension\3.5.1\mybatis-plus-extension-3.5.1.jar;D:\apache-maven-3.6.1\repository\com\baomidou\mybatis-plus-core\3.5.1\mybatis-plus-core-3.5.1.jar;D:\apache-maven-3.6.1\repository\com\baomidou\mybatis-plus-annotation\3.5.1\mybatis-plus-annotation-3.5.1.jar;D:\apache-maven-3.6.1\repository\com\github\jsqlparser\jsqlparser\4.3\jsqlparser-4.3.jar;D:\apache-maven-3.6.1\repository\org\mybatis\mybatis\3.5.9\mybatis-3.5.9.jar;D:\apache-maven-3.6.1\repository\org\mybatis\mybatis-spring\2.0.6\mybatis-spring-2.0.6.jar;D:\apache-maven-3.6.1\repository\org\springframework\boot\spring-boot-autoconfigure\2.6.3\spring-boot-autoconfigure-2.6.3.jar;D:\apache-maven-3.6.1\repository\org\springframework\boot\spring-boot-starter-jdbc\2.6.3\spring-boot-starter-jdbc-2.6.3.jar;D:\apache-maven-3.6.1\repository\com\zaxxer\HikariCP\4.0.3\HikariCP-4.0.3.jar;D:\apache-maven-3.6.1\repository\org\springframework\spring-jdbc\5.3.15\spring-jdbc-5.3.15.jar;D:\apache-maven-3.6.1\repository\org\springframework\spring-tx\5.3.15\spring-tx-5.3.15.jar;D:\apache-maven-3.6.1\repository\com\baomidou\mybatis-plus-generator\3.5.1\mybatis-plus-generator-3.5.1.jar;D:\apache-maven-3.6.1\repository\org\apache\velocity\velocity-engine-core\2.3\velocity-engine-core-2.3.jar;D:\apache-maven-3.6.1\repository\org\apache\commons\commons-lang3\3.12.0\commons-lang3-3.12.0.jar;D:\apache-maven-3.6.1\repository\org\slf4j\slf4j-api\1.7.33\slf4j-api-1.7.33.jar;D:\apache-maven-3.6.1\repository\io\springfox\springfox-swagger2\2.9.2\springfox-swagger2-2.9.2.jar;D:\apache-maven-3.6.1\repository\io\swagger\swagger-annotations\1.5.20\swagger-annotations-1.5.20.jar;D:\apache-maven-3.6.1\repository\io\swagger\swagger-models\1.5.20\swagger-models-1.5.20.jar;D:\apache-maven-3.6.1\repository\com\fasterxml\jackson\core\jackson-annotations\2.13.1\jackson-annotations-2.13.1.jar;D:\apache-maven-3.6.1\repository\io\springfox\springfox-spi\2.9.2\springfox-spi-2.9.2.jar;D:\apache-maven-3.6.1\repository\io\springfox\springfox-core\2.9.2\springfox-core-2.9.2.jar;D:\apache-maven-3.6.1\repository\io\springfox\springfox-schema\2.9.2\springfox-schema-2.9.2.jar;D:\apache-maven-3.6.1\repository\io\springfox\springfox-swagger-common\2.9.2\springfox-swagger-common-2.9.2.jar;D:\apache-maven-3.6.1\repository\io\springfox\springfox-spring-web\2.9.2\springfox-spring-web-2.9.2.jar;D:\apache-maven-3.6.1\repository\com\google\guava\guava\20.0\guava-20.0.jar;D:\apache-maven-3.6.1\repository\com\fasterxml\classmate\1.5.1\classmate-1.5.1.jar;D:\apache-maven-3.6.1\repository\org\springframework\plugin\spring-plugin-core\1.2.0.RELEASE\spring-plugin-core-1.2.0.RELEASE.jar;D:\apache-maven-3.6.1\repository\org\springframework\plugin\spring-plugin-metadata\1.2.0.RELEASE\spring-plugin-metadata-1.2.0.RELEASE.jar;D:\apache-maven-3.6.1\repository\org\mapstruct\mapstruct\1.2.0.Final\mapstruct-1.2.0.Final.jar;D:\apache-maven-3.6.1\repository\io\springfox\springfox-swagger-ui\2.9.2\springfox-swagger-ui-2.9.2.jar;D:\apache-maven-3.6.1\repository\org\springframework\boot\spring-boot-devtools\2.6.3\spring-boot-devtools-2.6.3.jar;D:\apache-maven-3.6.1\repository\org\springframework\boot\spring-boot\2.6.3\spring-boot-2.6.3.jar;D:\apache-maven-3.6.1\repository\com\auth0\java-jwt\3.19.0\java-jwt-3.19.0.jar;D:\apache-maven-3.6.1\repository\com\fasterxml\jackson\core\jackson-databind\2.13.1\jackson-databind-2.13.1.jar;D:\apache-maven-3.6.1\repository\com\fasterxml\jackson\core\jackson-core\2.13.1\jackson-core-2.13.1.jar;D:\apache-maven-3.6.1\repository\cn\hutool\hutool-all\5.7.20\hutool-all-5.7.20.jar;D:\apache-maven-3.6.1\repository\org\apache\poi\poi-ooxml\5.2.2\poi-ooxml-5.2.2.jar;D:\apache-maven-3.6.1\repository\org\apache\poi\poi\5.2.2\poi-5.2.2.jar;D:\apache-maven-3.6.1\repository\commons-codec\commons-codec\1.15\commons-codec-1.15.jar;D:\apache-maven-3.6.1\repository\org\apache\commons\commons-math3\3.6.1\commons-math3-3.6.1.jar;D:\apache-maven-3.6.1\repository\com\zaxxer\SparseBitSet\1.2\SparseBitSet-1.2.jar;D:\apache-maven-3.6.1\repository\org\apache\poi\poi-ooxml-lite\5.2.2\poi-ooxml-lite-5.2.2.jar;D:\apache-maven-3.6.1\repository\org\apache\xmlbeans\xmlbeans\5.0.3\xmlbeans-5.0.3.jar;D:\apache-maven-3.6.1\repository\xml-apis\xml-apis\1.4.01\xml-apis-1.4.01.jar;D:\apache-maven-3.6.1\repository\org\apache\commons\commons-compress\1.21\commons-compress-1.21.jar;D:\apache-maven-3.6.1\repository\commons-io\commons-io\2.11.0\commons-io-2.11.0.jar;D:\apache-maven-3.6.1\repository\com\github\virtuald\curvesapi\1.07\curvesapi-1.07.jar;D:\apache-maven-3.6.1\repository\org\apache\logging\log4j\log4j-api\2.17.1\log4j-api-2.17.1.jar;D:\apache-maven-3.6.1\repository\org\apache\commons\commons-collections4\4.4\commons-collections4-4.4.jar;D:\apache-maven-3.6.1\repository\org\apache\poi\poi-ooxml-schemas\4.1.2\poi-ooxml-schemas-4.1.2.jar;D:\apache-maven-3.6.1\repository\com\alibaba\fastjson\2.0.22\fastjson-2.0.22.jar;D:\apache-maven-3.6.1\repository\com\alibaba\fastjson2\fastjson2-extension\2.0.22\fastjson2-extension-2.0.22.jar;D:\apache-maven-3.6.1\repository\com\alibaba\fastjson2\fastjson2\2.0.22\fastjson2-2.0.22.jar;"/>
    <property name="java.vm.vendor" value="Oracle Corporation"/>
    <property name="sun.arch.data.model" value="64"/>
    <property name="user.variant" value=""/>
    <property name="java.vendor.url" value="http://java.oracle.com/"/>
    <property name="user.timezone" value="Asia/Shanghai"/>
    <property name="java.vm.specification.version" value="1.8"/>
    <property name="os.name" value="Windows 10"/>
    <property name="user.country" value="CN"/>
    <property name="sun.java.launcher" value="SUN_STANDARD"/>
    <property name="sun.boot.library.path" value="C:\Program Files\Java\jdk1.8.0_211\jre\bin"/>
    <property name="sun.java.command" value="C:\Users\小白\AppData\Local\Temp\surefire1444788826984380652\surefirebooter9116763345324111368.jar C:\Users\小白\AppData\Local\Temp\surefire1444788826984380652 2024-01-08T22-53-58_017-jvmRun1 surefire6774468446301996770tmp surefire_03198471160184051837tmp"/>
    <property name="surefire.test.class.path" value="C:\Users\小白\Desktop\基于SpringBoot+Vue的人力资源管理系统（带文档）\hrm-master\hrm\target\test-classes;C:\Users\小白\Desktop\基于SpringBoot+Vue的人力资源管理系统（带文档）\hrm-master\hrm\target\classes;D:\apache-maven-3.6.1\repository\org\springframework\boot\spring-boot-starter-web\2.6.3\spring-boot-starter-web-2.6.3.jar;D:\apache-maven-3.6.1\repository\org\springframework\boot\spring-boot-starter\2.6.3\spring-boot-starter-2.6.3.jar;D:\apache-maven-3.6.1\repository\org\springframework\boot\spring-boot-starter-logging\2.6.3\spring-boot-starter-logging-2.6.3.jar;D:\apache-maven-3.6.1\repository\ch\qos\logback\logback-classic\1.2.10\logback-classic-1.2.10.jar;D:\apache-maven-3.6.1\repository\ch\qos\logback\logback-core\1.2.10\logback-core-1.2.10.jar;D:\apache-maven-3.6.1\repository\org\apache\logging\log4j\log4j-to-slf4j\2.17.1\log4j-to-slf4j-2.17.1.jar;D:\apache-maven-3.6.1\repository\org\slf4j\jul-to-slf4j\1.7.33\jul-to-slf4j-1.7.33.jar;D:\apache-maven-3.6.1\repository\jakarta\annotation\jakarta.annotation-api\1.3.5\jakarta.annotation-api-1.3.5.jar;D:\apache-maven-3.6.1\repository\org\yaml\snakeyaml\1.29\snakeyaml-1.29.jar;D:\apache-maven-3.6.1\repository\org\springframework\boot\spring-boot-starter-json\2.6.3\spring-boot-starter-json-2.6.3.jar;D:\apache-maven-3.6.1\repository\com\fasterxml\jackson\datatype\jackson-datatype-jdk8\2.13.1\jackson-datatype-jdk8-2.13.1.jar;D:\apache-maven-3.6.1\repository\com\fasterxml\jackson\datatype\jackson-datatype-jsr310\2.13.1\jackson-datatype-jsr310-2.13.1.jar;D:\apache-maven-3.6.1\repository\com\fasterxml\jackson\module\jackson-module-parameter-names\2.13.1\jackson-module-parameter-names-2.13.1.jar;D:\apache-maven-3.6.1\repository\org\springframework\boot\spring-boot-starter-tomcat\2.6.3\spring-boot-starter-tomcat-2.6.3.jar;D:\apache-maven-3.6.1\repository\org\apache\tomcat\embed\tomcat-embed-core\9.0.56\tomcat-embed-core-9.0.56.jar;D:\apache-maven-3.6.1\repository\org\apache\tomcat\embed\tomcat-embed-el\9.0.56\tomcat-embed-el-9.0.56.jar;D:\apache-maven-3.6.1\repository\org\apache\tomcat\embed\tomcat-embed-websocket\9.0.56\tomcat-embed-websocket-9.0.56.jar;D:\apache-maven-3.6.1\repository\org\springframework\spring-web\5.3.15\spring-web-5.3.15.jar;D:\apache-maven-3.6.1\repository\org\springframework\spring-beans\5.3.15\spring-beans-5.3.15.jar;D:\apache-maven-3.6.1\repository\org\springframework\spring-webmvc\5.3.15\spring-webmvc-5.3.15.jar;D:\apache-maven-3.6.1\repository\org\springframework\spring-aop\5.3.15\spring-aop-5.3.15.jar;D:\apache-maven-3.6.1\repository\org\springframework\spring-context\5.3.15\spring-context-5.3.15.jar;D:\apache-maven-3.6.1\repository\org\springframework\spring-expression\5.3.15\spring-expression-5.3.15.jar;D:\apache-maven-3.6.1\repository\org\springframework\boot\spring-boot-starter-test\2.6.3\spring-boot-starter-test-2.6.3.jar;D:\apache-maven-3.6.1\repository\org\springframework\boot\spring-boot-test\2.6.3\spring-boot-test-2.6.3.jar;D:\apache-maven-3.6.1\repository\org\springframework\boot\spring-boot-test-autoconfigure\2.6.3\spring-boot-test-autoconfigure-2.6.3.jar;D:\apache-maven-3.6.1\repository\com\jayway\jsonpath\json-path\2.6.0\json-path-2.6.0.jar;D:\apache-maven-3.6.1\repository\net\minidev\json-smart\2.4.7\json-smart-2.4.7.jar;D:\apache-maven-3.6.1\repository\net\minidev\accessors-smart\2.4.7\accessors-smart-2.4.7.jar;D:\apache-maven-3.6.1\repository\org\ow2\asm\asm\9.1\asm-9.1.jar;D:\apache-maven-3.6.1\repository\jakarta\xml\bind\jakarta.xml.bind-api\2.3.3\jakarta.xml.bind-api-2.3.3.jar;D:\apache-maven-3.6.1\repository\jakarta\activation\jakarta.activation-api\1.2.2\jakarta.activation-api-1.2.2.jar;D:\apache-maven-3.6.1\repository\org\assertj\assertj-core\3.21.0\assertj-core-3.21.0.jar;D:\apache-maven-3.6.1\repository\org\hamcrest\hamcrest\2.2\hamcrest-2.2.jar;D:\apache-maven-3.6.1\repository\org\junit\jupiter\junit-jupiter\5.8.2\junit-jupiter-5.8.2.jar;D:\apache-maven-3.6.1\repository\org\junit\jupiter\junit-jupiter-api\5.8.2\junit-jupiter-api-5.8.2.jar;D:\apache-maven-3.6.1\repository\org\opentest4j\opentest4j\1.2.0\opentest4j-1.2.0.jar;D:\apache-maven-3.6.1\repository\org\junit\platform\junit-platform-commons\1.8.2\junit-platform-commons-1.8.2.jar;D:\apache-maven-3.6.1\repository\org\apiguardian\apiguardian-api\1.1.2\apiguardian-api-1.1.2.jar;D:\apache-maven-3.6.1\repository\org\junit\jupiter\junit-jupiter-params\5.8.2\junit-jupiter-params-5.8.2.jar;D:\apache-maven-3.6.1\repository\org\junit\jupiter\junit-jupiter-engine\5.8.2\junit-jupiter-engine-5.8.2.jar;D:\apache-maven-3.6.1\repository\org\junit\platform\junit-platform-engine\1.8.2\junit-platform-engine-1.8.2.jar;D:\apache-maven-3.6.1\repository\org\mockito\mockito-core\4.0.0\mockito-core-4.0.0.jar;D:\apache-maven-3.6.1\repository\net\bytebuddy\byte-buddy\1.11.22\byte-buddy-1.11.22.jar;D:\apache-maven-3.6.1\repository\net\bytebuddy\byte-buddy-agent\1.11.22\byte-buddy-agent-1.11.22.jar;D:\apache-maven-3.6.1\repository\org\objenesis\objenesis\3.2\objenesis-3.2.jar;D:\apache-maven-3.6.1\repository\org\mockito\mockito-junit-jupiter\4.0.0\mockito-junit-jupiter-4.0.0.jar;D:\apache-maven-3.6.1\repository\org\skyscreamer\jsonassert\1.5.0\jsonassert-1.5.0.jar;D:\apache-maven-3.6.1\repository\com\vaadin\external\google\android-json\0.0.20131108.vaadin1\android-json-0.0.20131108.vaadin1.jar;D:\apache-maven-3.6.1\repository\org\springframework\spring-core\5.3.15\spring-core-5.3.15.jar;D:\apache-maven-3.6.1\repository\org\springframework\spring-jcl\5.3.15\spring-jcl-5.3.15.jar;D:\apache-maven-3.6.1\repository\org\springframework\spring-test\5.3.15\spring-test-5.3.15.jar;D:\apache-maven-3.6.1\repository\org\xmlunit\xmlunit-core\2.8.4\xmlunit-core-2.8.4.jar;D:\apache-maven-3.6.1\repository\org\projectlombok\lombok\1.18.22\lombok-1.18.22.jar;D:\apache-maven-3.6.1\repository\mysql\mysql-connector-java\8.0.17\mysql-connector-java-8.0.17.jar;D:\apache-maven-3.6.1\repository\com\baomidou\mybatis-plus-boot-starter\3.5.1\mybatis-plus-boot-starter-3.5.1.jar;D:\apache-maven-3.6.1\repository\com\baomidou\mybatis-plus\3.5.1\mybatis-plus-3.5.1.jar;D:\apache-maven-3.6.1\repository\com\baomidou\mybatis-plus-extension\3.5.1\mybatis-plus-extension-3.5.1.jar;D:\apache-maven-3.6.1\repository\com\baomidou\mybatis-plus-core\3.5.1\mybatis-plus-core-3.5.1.jar;D:\apache-maven-3.6.1\repository\com\baomidou\mybatis-plus-annotation\3.5.1\mybatis-plus-annotation-3.5.1.jar;D:\apache-maven-3.6.1\repository\com\github\jsqlparser\jsqlparser\4.3\jsqlparser-4.3.jar;D:\apache-maven-3.6.1\repository\org\mybatis\mybatis\3.5.9\mybatis-3.5.9.jar;D:\apache-maven-3.6.1\repository\org\mybatis\mybatis-spring\2.0.6\mybatis-spring-2.0.6.jar;D:\apache-maven-3.6.1\repository\org\springframework\boot\spring-boot-autoconfigure\2.6.3\spring-boot-autoconfigure-2.6.3.jar;D:\apache-maven-3.6.1\repository\org\springframework\boot\spring-boot-starter-jdbc\2.6.3\spring-boot-starter-jdbc-2.6.3.jar;D:\apache-maven-3.6.1\repository\com\zaxxer\HikariCP\4.0.3\HikariCP-4.0.3.jar;D:\apache-maven-3.6.1\repository\org\springframework\spring-jdbc\5.3.15\spring-jdbc-5.3.15.jar;D:\apache-maven-3.6.1\repository\org\springframework\spring-tx\5.3.15\spring-tx-5.3.15.jar;D:\apache-maven-3.6.1\repository\com\baomidou\mybatis-plus-generator\3.5.1\mybatis-plus-generator-3.5.1.jar;D:\apache-maven-3.6.1\repository\org\apache\velocity\velocity-engine-core\2.3\velocity-engine-core-2.3.jar;D:\apache-maven-3.6.1\repository\org\apache\commons\commons-lang3\3.12.0\commons-lang3-3.12.0.jar;D:\apache-maven-3.6.1\repository\org\slf4j\slf4j-api\1.7.33\slf4j-api-1.7.33.jar;D:\apache-maven-3.6.1\repository\io\springfox\springfox-swagger2\2.9.2\springfox-swagger2-2.9.2.jar;D:\apache-maven-3.6.1\repository\io\swagger\swagger-annotations\1.5.20\swagger-annotations-1.5.20.jar;D:\apache-maven-3.6.1\repository\io\swagger\swagger-models\1.5.20\swagger-models-1.5.20.jar;D:\apache-maven-3.6.1\repository\com\fasterxml\jackson\core\jackson-annotations\2.13.1\jackson-annotations-2.13.1.jar;D:\apache-maven-3.6.1\repository\io\springfox\springfox-spi\2.9.2\springfox-spi-2.9.2.jar;D:\apache-maven-3.6.1\repository\io\springfox\springfox-core\2.9.2\springfox-core-2.9.2.jar;D:\apache-maven-3.6.1\repository\io\springfox\springfox-schema\2.9.2\springfox-schema-2.9.2.jar;D:\apache-maven-3.6.1\repository\io\springfox\springfox-swagger-common\2.9.2\springfox-swagger-common-2.9.2.jar;D:\apache-maven-3.6.1\repository\io\springfox\springfox-spring-web\2.9.2\springfox-spring-web-2.9.2.jar;D:\apache-maven-3.6.1\repository\com\google\guava\guava\20.0\guava-20.0.jar;D:\apache-maven-3.6.1\repository\com\fasterxml\classmate\1.5.1\classmate-1.5.1.jar;D:\apache-maven-3.6.1\repository\org\springframework\plugin\spring-plugin-core\1.2.0.RELEASE\spring-plugin-core-1.2.0.RELEASE.jar;D:\apache-maven-3.6.1\repository\org\springframework\plugin\spring-plugin-metadata\1.2.0.RELEASE\spring-plugin-metadata-1.2.0.RELEASE.jar;D:\apache-maven-3.6.1\repository\org\mapstruct\mapstruct\1.2.0.Final\mapstruct-1.2.0.Final.jar;D:\apache-maven-3.6.1\repository\io\springfox\springfox-swagger-ui\2.9.2\springfox-swagger-ui-2.9.2.jar;D:\apache-maven-3.6.1\repository\org\springframework\boot\spring-boot-devtools\2.6.3\spring-boot-devtools-2.6.3.jar;D:\apache-maven-3.6.1\repository\org\springframework\boot\spring-boot\2.6.3\spring-boot-2.6.3.jar;D:\apache-maven-3.6.1\repository\com\auth0\java-jwt\3.19.0\java-jwt-3.19.0.jar;D:\apache-maven-3.6.1\repository\com\fasterxml\jackson\core\jackson-databind\2.13.1\jackson-databind-2.13.1.jar;D:\apache-maven-3.6.1\repository\com\fasterxml\jackson\core\jackson-core\2.13.1\jackson-core-2.13.1.jar;D:\apache-maven-3.6.1\repository\cn\hutool\hutool-all\5.7.20\hutool-all-5.7.20.jar;D:\apache-maven-3.6.1\repository\org\apache\poi\poi-ooxml\5.2.2\poi-ooxml-5.2.2.jar;D:\apache-maven-3.6.1\repository\org\apache\poi\poi\5.2.2\poi-5.2.2.jar;D:\apache-maven-3.6.1\repository\commons-codec\commons-codec\1.15\commons-codec-1.15.jar;D:\apache-maven-3.6.1\repository\org\apache\commons\commons-math3\3.6.1\commons-math3-3.6.1.jar;D:\apache-maven-3.6.1\repository\com\zaxxer\SparseBitSet\1.2\SparseBitSet-1.2.jar;D:\apache-maven-3.6.1\repository\org\apache\poi\poi-ooxml-lite\5.2.2\poi-ooxml-lite-5.2.2.jar;D:\apache-maven-3.6.1\repository\org\apache\xmlbeans\xmlbeans\5.0.3\xmlbeans-5.0.3.jar;D:\apache-maven-3.6.1\repository\xml-apis\xml-apis\1.4.01\xml-apis-1.4.01.jar;D:\apache-maven-3.6.1\repository\org\apache\commons\commons-compress\1.21\commons-compress-1.21.jar;D:\apache-maven-3.6.1\repository\commons-io\commons-io\2.11.0\commons-io-2.11.0.jar;D:\apache-maven-3.6.1\repository\com\github\virtuald\curvesapi\1.07\curvesapi-1.07.jar;D:\apache-maven-3.6.1\repository\org\apache\logging\log4j\log4j-api\2.17.1\log4j-api-2.17.1.jar;D:\apache-maven-3.6.1\repository\org\apache\commons\commons-collections4\4.4\commons-collections4-4.4.jar;D:\apache-maven-3.6.1\repository\org\apache\poi\poi-ooxml-schemas\4.1.2\poi-ooxml-schemas-4.1.2.jar;D:\apache-maven-3.6.1\repository\com\alibaba\fastjson\2.0.22\fastjson-2.0.22.jar;D:\apache-maven-3.6.1\repository\com\alibaba\fastjson2\fastjson2-extension\2.0.22\fastjson2-extension-2.0.22.jar;D:\apache-maven-3.6.1\repository\com\alibaba\fastjson2\fastjson2\2.0.22\fastjson2-2.0.22.jar;"/>
    <property name="sun.cpu.endian" value="little"/>
    <property name="user.home" value="C:\Users\小白"/>
    <property name="user.language" value="zh"/>
    <property name="java.specification.vendor" value="Oracle Corporation"/>
    <property name="java.home" value="C:\Program Files\Java\jdk1.8.0_211\jre"/>
    <property name="basedir" value="C:\Users\小白\Desktop\基于SpringBoot+Vue的人力资源管理系统（带文档）\hrm-master\hrm"/>
    <property name="file.separator" value="\"/>
    <property name="line.separator" value="&#10;"/>
    <property name="java.vm.specification.vendor" value="Oracle Corporation"/>
    <property name="java.specification.name" value="Java Platform API Specification"/>
    <property name="java.awt.graphicsenv" value="sun.awt.Win32GraphicsEnvironment"/>
    <property name="surefire.real.class.path" value="C:\Users\小白\AppData\Local\Temp\surefire1444788826984380652\surefirebooter9116763345324111368.jar"/>
    <property name="sun.boot.class.path" value="C:\Program Files\Java\jdk1.8.0_211\jre\lib\resources.jar;C:\Program Files\Java\jdk1.8.0_211\jre\lib\rt.jar;C:\Program Files\Java\jdk1.8.0_211\jre\lib\sunrsasign.jar;C:\Program Files\Java\jdk1.8.0_211\jre\lib\jsse.jar;C:\Program Files\Java\jdk1.8.0_211\jre\lib\jce.jar;C:\Program Files\Java\jdk1.8.0_211\jre\lib\charsets.jar;C:\Program Files\Java\jdk1.8.0_211\jre\lib\jfr.jar;C:\Program Files\Java\jdk1.8.0_211\jre\classes"/>
    <property name="user.script" value=""/>
    <property name="sun.management.compiler" value="HotSpot 64-Bit Tiered Compilers"/>
    <property name="java.runtime.version" value="1.8.0_211-b12"/>
    <property name="user.name" value="小白"/>
    <property name="path.separator" value=";"/>
    <property name="os.version" value="10.0"/>
    <property name="java.endorsed.dirs" value="C:\Program Files\Java\jdk1.8.0_211\jre\lib\endorsed"/>
    <property name="java.runtime.name" value="Java(TM) SE Runtime Environment"/>
    <property name="file.encoding" value="GBK"/>
    <property name="java.vm.name" value="Java HotSpot(TM) 64-Bit Server VM"/>
    <property name="localRepository" value="D:\apache-maven-3.6.1\repository"/>
    <property name="java.vendor.url.bug" value="http://bugreport.sun.com/bugreport/"/>
    <property name="java.io.tmpdir" value="C:\Users\小白\AppData\Local\Temp\"/>
    <property name="idea.version" value="2023.2.4"/>
    <property name="java.version" value="1.8.0_211"/>
    <property name="user.dir" value="C:\Users\小白\Desktop\基于SpringBoot+Vue的人力资源管理系统（带文档）\hrm-master\hrm"/>
    <property name="os.arch" value="amd64"/>
    <property name="java.vm.specification.name" value="Java Virtual Machine Specification"/>
    <property name="java.awt.printerjob" value="sun.awt.windows.WPrinterJob"/>
    <property name="sun.os.patch.level" value=""/>
    <property name="java.library.path" value="C:\Program Files\Java\jdk1.8.0_211\jre\bin;C:\Windows\Sun\Java\bin;C:\Windows\system32;C:\Windows;C:\Program Files (x86)\Common Files\Oracle\Java\javapath;C:\Windows\system32;C:\Windows;C:\Windows\System32\Wbem;C:\Windows\System32\WindowsPowerShell\v1.0\;C:\Windows\System32\OpenSSH\;C:\Program Files\nodejs\node_global\node_modules;D:\apache-maven-3.6.1\bin;C:\Program Files\Java\jdk1.8.0_201\bin;D:\MySQL 8\mysql-8.0.30-winx64\bin;C:\Program Files\nodejs;C:\Program Files\Java\jre1.8.0_201\bin;C:\Program Files\nodejs\node_global;D:\VScode\Microsoft VS Code\bin;C:\Users\小白\AppData\Roaming\npm;C:\Program Files (x86)\Tencent\QQGameTempest\Hall.57979\;C:\Program Files\JetBrains\IntelliJ IDEA 2023.2.4\bin;;."/>
    <property name="java.vm.info" value="mixed mode"/>
    <property name="java.vendor" value="Oracle Corporation"/>
    <property name="java.vm.version" value="25.211-b12"/>
    <property name="java.ext.dirs" value="C:\Program Files\Java\jdk1.8.0_211\jre\lib\ext;C:\Windows\Sun\Java\lib\ext"/>
    <property name="sun.io.unicode.encoding" value="UnicodeLittle"/>
    <property name="java.class.version" value="52.0"/>
  </properties>
  <testcase name="test13" classname="com.qiujie.HrmApplicationTests" time="1.078"/>
  <testcase name="test14" classname="com.qiujie.HrmApplicationTests" time="0.105"/>
  <testcase name="test15" classname="com.qiujie.HrmApplicationTests" time="0.007"/>
  <testcase name="test16" classname="com.qiujie.HrmApplicationTests" time="0.051"/>
  <testcase name="test17" classname="com.qiujie.HrmApplicationTests" time="0.006"/>
  <testcase name="test19" classname="com.qiujie.HrmApplicationTests" time="0.004"/>
  <testcase name="test22" classname="com.qiujie.HrmApplicationTests" time="0.013"/>
  <testcase name="test23" classname="com.qiujie.HrmApplicationTests" time="0.003"/>
  <testcase name="test24" classname="com.qiujie.HrmApplicationTests" time="0.004"/>
  <testcase name="test25" classname="com.qiujie.HrmApplicationTests" time="0.005"/>
  <testcase name="test26" classname="com.qiujie.HrmApplicationTests" time="0.011">
    <error message="C:\Users\asus\Desktop\员工考勤表.xlsx (系统找不到指定的路径。)" type="java.io.FileNotFoundException">java.io.FileNotFoundException: C:\Users\asus\Desktop\员工考勤表.xlsx (系统找不到指定的路径。)
	at com.qiujie.HrmApplicationTests.test26(HrmApplicationTests.java:284)
</error>
  </testcase>
  <testcase name="test27" classname="com.qiujie.HrmApplicationTests" time="0.015"/>
  <testcase name="test28" classname="com.qiujie.HrmApplicationTests" time="0.022"/>
  <testcase name="test29" classname="com.qiujie.HrmApplicationTests" time="0.017"/>
  <testcase name="test30" classname="com.qiujie.HrmApplicationTests" time="0.006"/>
  <testcase name="test31" classname="com.qiujie.HrmApplicationTests" time="0.01"/>
  <testcase name="test32" classname="com.qiujie.HrmApplicationTests" time="0.005"/>
  <testcase name="test33" classname="com.qiujie.HrmApplicationTests" time="0.012"/>
  <testcase name="test34" classname="com.qiujie.HrmApplicationTests" time="0.005"/>
  <testcase name="test35" classname="com.qiujie.HrmApplicationTests" time="0.005"/>
  <testcase name="test36" classname="com.qiujie.HrmApplicationTests" time="0.071"/>
  <testcase name="test37" classname="com.qiujie.HrmApplicationTests" time="0.004"/>
  <testcase name="test38" classname="com.qiujie.HrmApplicationTests" time="0.104"/>
  <testcase name="test39" classname="com.qiujie.HrmApplicationTests" time="0.698"/>
  <testcase name="test40" classname="com.qiujie.HrmApplicationTests" time="0.005">
    <error type="java.lang.IllegalArgumentException">java.lang.IllegalArgumentException
	at com.qiujie.HrmApplicationTests.test40(HrmApplicationTests.java:462)
</error>
  </testcase>
  <testcase name="test41" classname="com.qiujie.HrmApplicationTests" time="0.004"/>
  <testcase name="test43" classname="com.qiujie.HrmApplicationTests" time="0.01"/>
  <testcase name="test1" classname="com.qiujie.HrmApplicationTests" time="0.003"/>
  <testcase name="test2" classname="com.qiujie.HrmApplicationTests" time="0.006"/>
  <testcase name="test3" classname="com.qiujie.HrmApplicationTests" time="0.009"/>
  <testcase name="test4" classname="com.qiujie.HrmApplicationTests" time="0.007"/>
  <testcase name="test5" classname="com.qiujie.HrmApplicationTests" time="0.007"/>
  <testcase name="test6" classname="com.qiujie.HrmApplicationTests" time="0.028"/>
  <testcase name="test7" classname="com.qiujie.HrmApplicationTests" time="0.009"/>
  <testcase name="test8" classname="com.qiujie.HrmApplicationTests" time="0.012"/>
  <testcase name="test9" classname="com.qiujie.HrmApplicationTests" time="0.024"/>
</testsuite>